#
# There is insufficient memory for the Java Runtime Environment to continue.
# Native memory allocation (malloc) failed to allocate 1252816 bytes for Chunk::new
# Possible reasons:
#   The system is out of physical RAM or swap space
#   The process is running with CompressedOops enabled, and the Java Heap may be blocking the growth of the native heap
# Possible solutions:
#   Reduce memory load on the system
#   Increase physical memory or swap space
#   Check if swap backing store is full
#   Decrease Java heap size (-Xmx/-Xms)
#   Decrease number of Java threads
#   Decrease Java thread stack sizes (-Xss)
#   Set larger code cache with -XX:ReservedCodeCacheSize=
#   JVM is running with Unscaled Compressed Oops mode in which the Java heap is
#     placed in the first 4GB address space. The Java Heap base address is the
#     maximum limit for the native heap growth. Please use -XX:HeapBaseMinAddress
#     to set the Java Heap base and to place the Java Heap above 4GB virtual address.
# This output file may be truncated or incomplete.
#
#  Out of Memory Error (allocation.cpp:389), pid=8248, tid=0x0000000000001fb0
#
# JRE version: OpenJDK Runtime Environment (8.0_242-b01) (build 1.8.0_242-release-1644-b01)
# Java VM: OpenJDK 64-Bit Server VM (25.242-b01 mixed mode windows-amd64 compressed oops)
# Failed to write core dump. Minidumps are not enabled by default on client versions of Windows
#

---------------  T H R E A D  ---------------

Current thread (0x0000000019931000):  JavaThread "C2 CompilerThread0" daemon [_thread_in_native, id=8112, stack(0x000000001a220000,0x000000001a320000)]

Stack: [0x000000001a220000,0x000000001a320000]
[error occurred during error reporting (printing stack bounds), id 0xc0000005]

Native frames: (J=compiled Java code, j=interpreted, Vv=VM code, C=native code)


Current CompileTask:
C2: 560280 19923       4       com.android.tools.r8.ir.regalloc.a::a (270 bytes)


---------------  P R O C E S S  ---------------

Java Threads: ( => current thread )
  0x000000002165c000 JavaThread "ForkJoinPool-5-worker-0" daemon [_thread_blocked, id=9884, stack(0x00000000310d0000,0x00000000311d0000)]
  0x000000002165d800 JavaThread "ForkJoinPool-5-worker-7" daemon [_thread_blocked, id=2696, stack(0x0000000030fd0000,0x00000000310d0000)]
  0x0000000021656800 JavaThread "ForkJoinPool-5-worker-6" daemon [_thread_blocked, id=12172, stack(0x0000000030ed0000,0x0000000030fd0000)]
  0x0000000021654800 JavaThread "ForkJoinPool-5-worker-5" daemon [_thread_blocked, id=7836, stack(0x0000000030dd0000,0x0000000030ed0000)]
  0x000000002165a800 JavaThread "ForkJoinPool-5-worker-4" daemon [_thread_blocked, id=8900, stack(0x0000000030cd0000,0x0000000030dd0000)]
  0x0000000021659000 JavaThread "ForkJoinPool-5-worker-3" daemon [_thread_blocked, id=12636, stack(0x0000000030ad0000,0x0000000030bd0000)]
  0x0000000021658000 JavaThread "ForkJoinPool-5-worker-2" daemon [_thread_blocked, id=4796, stack(0x0000000029cf0000,0x0000000029df0000)]
  0x0000000021656000 JavaThread "ForkJoinPool-5-worker-1" daemon [_thread_in_Java, id=5192, stack(0x0000000029bf0000,0x0000000029cf0000)]
  0x000000001b92b800 JavaThread "WorkerExecutor Queue Thread 10" [_thread_blocked, id=9792, stack(0x0000000029af0000,0x0000000029bf0000)]
  0x0000000021655000 JavaThread "WorkerExecutor Queue Thread 8" [_thread_blocked, id=7996, stack(0x00000000309d0000,0x0000000030ad0000)]
  0x0000000021659800 JavaThread "WorkerExecutor Queue Thread 7" [_thread_blocked, id=12984, stack(0x00000000308d0000,0x00000000309d0000)]
  0x000000002164e800 JavaThread "WorkerExecutor Queue Thread 5" [_thread_blocked, id=12108, stack(0x00000000299f0000,0x0000000029af0000)]
  0x0000000021650800 JavaThread "ForkJoinPool.commonPool-worker-7" daemon [_thread_blocked, id=9996, stack(0x00000000307d0000,0x00000000308d0000)]
  0x0000000021653800 JavaThread "ForkJoinPool.commonPool-worker-6" daemon [_thread_blocked, id=400, stack(0x00000000306d0000,0x00000000307d0000)]
  0x000000001edea000 JavaThread "ForkJoinPool.commonPool-worker-5" daemon [_thread_blocked, id=2824, stack(0x00000000305d0000,0x00000000306d0000)]
  0x000000001edeb800 JavaThread "ForkJoinPool.commonPool-worker-4" daemon [_thread_blocked, id=9168, stack(0x000000002a3c0000,0x000000002a4c0000)]
  0x000000001edeb000 JavaThread "ForkJoinPool.commonPool-worker-3" daemon [_thread_blocked, id=11160, stack(0x0000000029ea0000,0x0000000029fa0000)]
  0x000000001eddd800 JavaThread "ForkJoinPool.commonPool-worker-1" daemon [_thread_blocked, id=9984, stack(0x0000000029690000,0x0000000029790000)]
  0x00000000267cf800 JavaThread "WorkerExecutor Queue Thread 4" [_thread_blocked, id=1444, stack(0x0000000028b40000,0x0000000028c40000)]
  0x00000000267ce000 JavaThread "Cache worker for Java compile cache (D:\MovilesMoviles\AppV4\.gradle\6.1.1\javaCompile)" [_thread_blocked, id=11008, stack(0x00000000283e0000,0x00000000284e0000)]
  0x00000000267d0800 JavaThread "WorkerExecutor Queue Thread 3" [_thread_blocked, id=10108, stack(0x0000000028a40000,0x0000000028b40000)]
  0x00000000267cd800 JavaThread "WorkerExecutor Queue Thread 2" [_thread_blocked, id=1864, stack(0x0000000028940000,0x0000000028a40000)]
  0x00000000267ca800 JavaThread "stdout" [_thread_in_native, id=9504, stack(0x0000000028840000,0x0000000028940000)]
  0x00000000267c9000 JavaThread "stderr" [_thread_in_native, id=12376, stack(0x0000000028740000,0x0000000028840000)]
  0x00000000267cc000 JavaThread "pool-6-thread-1" [_thread_blocked, id=12560, stack(0x0000000028540000,0x0000000028640000)]
  0x00000000267c1000 JavaThread "WorkerExecutor Queue" [_thread_blocked, id=10364, stack(0x00000000280b0000,0x00000000281b0000)]
  0x00000000267c4000 JavaThread "Cache worker for execution history cache (D:\MovilesMoviles\AppV4\.gradle\6.1.1\executionHistory)" [_thread_blocked, id=6380, stack(0x0000000027fb0000,0x00000000280b0000)]
  0x00000000267c2800 JavaThread "Execution worker for ':' Thread 7" [_thread_blocked, id=3304, stack(0x0000000027a60000,0x0000000027b60000)]
  0x00000000267c7800 JavaThread "Execution worker for ':' Thread 6" [_thread_blocked, id=10328, stack(0x0000000027960000,0x0000000027a60000)]
  0x00000000267c8000 JavaThread "Execution worker for ':' Thread 5" [_thread_blocked, id=7964, stack(0x0000000027860000,0x0000000027960000)]
  0x00000000267c3800 JavaThread "Execution worker for ':' Thread 4" [_thread_blocked, id=8288, stack(0x0000000027760000,0x0000000027860000)]
  0x00000000267c5000 JavaThread "Execution worker for ':' Thread 3" [_thread_blocked, id=8128, stack(0x0000000027660000,0x0000000027760000)]
  0x00000000267c2000 JavaThread "Execution worker for ':' Thread 2" [_thread_blocked, id=8092, stack(0x0000000027560000,0x0000000027660000)]
  0x0000000026992000 JavaThread "Execution worker for ':'" [_thread_blocked, id=7432, stack(0x00000000261f0000,0x00000000262f0000)]
  0x0000000026995800 JavaThread "Cache worker for file content cache (D:\MovilesMoviles\AppV4\.gradle\6.1.1\fileContent)" [_thread_blocked, id=4236, stack(0x0000000025ec0000,0x0000000025fc0000)]
  0x0000000026995000 JavaThread "Cache worker for Build Output Cleanup Cache (D:\MovilesMoviles\AppV4\.gradle\buildOutputCleanup)" [_thread_blocked, id=7456, stack(0x0000000025b80000,0x0000000025c80000)]
  0x0000000026994000 JavaThread "Build operations Thread 8" [_thread_blocked, id=7020, stack(0x0000000024e80000,0x0000000024f80000)]
  0x0000000026991000 JavaThread "Build operations Thread 7" [_thread_blocked, id=12224, stack(0x0000000024550000,0x0000000024650000)]
  0x0000000026990800 JavaThread "Build operations Thread 6" [_thread_blocked, id=7088, stack(0x0000000024450000,0x0000000024550000)]
  0x0000000026993800 JavaThread "Build operations Thread 5" [_thread_blocked, id=3808, stack(0x0000000024350000,0x0000000024450000)]
  0x000000002698f800 JavaThread "Build operations Thread 4" [_thread_blocked, id=11844, stack(0x0000000024250000,0x0000000024350000)]
  0x0000000026992800 JavaThread "Build operations Thread 3" [_thread_blocked, id=3640, stack(0x0000000024150000,0x0000000024250000)]
  0x0000000026988000 JavaThread "Build operations Thread 2" [_thread_blocked, id=8188, stack(0x0000000024050000,0x0000000024150000)]
  0x000000002698f000 JavaThread "Build operations" [_thread_blocked, id=4364, stack(0x0000000022280000,0x0000000022380000)]
  0x000000002698c800 JavaThread "Cache worker for cache directory md-rule (C:\Users\ACER\.gradle\caches\6.1.1\md-rule)" [_thread_blocked, id=8032, stack(0x0000000021f80000,0x0000000022080000)]
  0x000000002698e000 JavaThread "Cache worker for cache directory md-supplier (C:\Users\ACER\.gradle\caches\6.1.1\md-supplier)" [_thread_blocked, id=6612, stack(0x0000000020dd0000,0x0000000020ed0000)]
  0x000000002698c000 JavaThread "Cache worker for file hash cache (D:\MovilesMoviles\AppV4\.gradle\6.1.1\fileHashes)" [_thread_blocked, id=9360, stack(0x0000000020a10000,0x0000000020b10000)]
  0x000000002698a800 JavaThread "Cache worker for checksums cache (D:\MovilesMoviles\AppV4\.gradle\checksums)" [_thread_blocked, id=8896, stack(0x000000001cfa0000,0x000000001d0a0000)]
  0x0000000026987800 JavaThread "Thread-82" [_thread_blocked, id=10032, stack(0x000000001cea0000,0x000000001cfa0000)]
  0x0000000026989000 JavaThread "Stdin handler" [_thread_blocked, id=12208, stack(0x000000001cda0000,0x000000001cea0000)]
  0x000000002698b000 JavaThread "Asynchronous log dispatcher for DefaultDaemonConnection: socket connection from /127.0.0.1:52149 to /127.0.0.1:52205" [_thread_blocked, id=11644, stack(0x000000001caa0000,0x000000001cba0000)]
  0x0000000026986800 JavaThread "Cancel handler" [_thread_blocked, id=6616, stack(0x0000000000de0000,0x0000000000ee0000)]
  0x000000002698d800 JavaThread "Handler for socket connection from /127.0.0.1:52149 to /127.0.0.1:52205" [_thread_in_native, id=12724, stack(0x0000000000ce0000,0x0000000000de0000)]
  0x0000000026989800 JavaThread "Cache worker for Java compile cache (C:\Users\ACER\.gradle\caches\6.1.1\javaCompile)" [_thread_blocked, id=11696, stack(0x0000000028640000,0x0000000028740000)]
  0x000000001ede2800 JavaThread "Daemon worker Thread 2" [_thread_blocked, id=10636, stack(0x000000001c9a0000,0x000000001caa0000)]
  0x000000001ede3800 JavaThread "Daemon Thread 2" [_thread_blocked, id=9296, stack(0x0000000000be0000,0x0000000000ce0000)]
  0x0000000021651800 JavaThread "Cache worker for file content cache (C:\Users\ACER\.gradle\caches\6.1.1\fileContent)" [_thread_blocked, id=12904, stack(0x0000000025dc0000,0x0000000025ec0000)]
  0x0000000021657800 JavaThread "Memory manager" [_thread_blocked, id=6104, stack(0x0000000025cc0000,0x0000000025dc0000)]
  0x000000001b92d800 JavaThread "Cache worker for execution history cache (C:\Users\ACER\.gradle\caches\6.1.1\executionHistory)" [_thread_blocked, id=11184, stack(0x0000000022380000,0x0000000022480000)]
  0x000000001b92c000 JavaThread "Cache worker for file hash cache (C:\Users\ACER\.gradle\caches\6.1.1\fileHashes)" [_thread_blocked, id=5440, stack(0x000000001e770000,0x000000001e870000)]
  0x000000001b92e800 JavaThread "File lock request listener" [_thread_in_native, id=9808, stack(0x000000001e670000,0x000000001e770000)]
  0x000000001bfd7000 JavaThread "Cache worker for journal cache (C:\Users\ACER\.gradle\caches\journal-1)" [_thread_blocked, id=12040, stack(0x000000001e570000,0x000000001e670000)]
  0x000000001b1d1800 JavaThread "Daemon periodic checks" [_thread_blocked, id=3236, stack(0x000000001c8a0000,0x000000001c9a0000)]
  0x000000001b1d0000 JavaThread "Incoming local TCP Connector on port 52149" [_thread_in_native, id=5156, stack(0x000000001c630000,0x000000001c730000)]
  0x000000001a909000 JavaThread "Daemon health stats" [_thread_blocked, id=10992, stack(0x000000001bff0000,0x000000001c0f0000)]
  0x00000000199c7000 JavaThread "Service Thread" daemon [_thread_blocked, id=10592, stack(0x000000001a620000,0x000000001a720000)]
  0x0000000019940800 JavaThread "C1 CompilerThread3" daemon [_thread_in_vm, id=12240, stack(0x000000001a520000,0x000000001a620000)]
  0x0000000019937800 JavaThread "C2 CompilerThread2" daemon [_thread_in_native, id=6624, stack(0x000000001a420000,0x000000001a520000)]
  0x0000000019933000 JavaThread "C2 CompilerThread1" daemon [_thread_in_native, id=4724, stack(0x000000001a320000,0x000000001a420000)]
=>0x0000000019931000 JavaThread "C2 CompilerThread0" daemon [_thread_in_native, id=8112, stack(0x000000001a220000,0x000000001a320000)]
  0x000000001992f800 JavaThread "Attach Listener" daemon [_thread_blocked, id=8812, stack(0x000000001a120000,0x000000001a220000)]
  0x0000000017b3e800 JavaThread "Signal Dispatcher" daemon [_thread_blocked, id=2944, stack(0x000000001a020000,0x000000001a120000)]
  0x0000000002ab9000 JavaThread "Finalizer" daemon [_thread_blocked, id=8132, stack(0x0000000019e00000,0x0000000019f00000)]
  0x0000000017b2c000 JavaThread "Reference Handler" daemon [_thread_blocked, id=7532, stack(0x0000000019d00000,0x0000000019e00000)]
  0x00000000028fe000 JavaThread "main" [_thread_blocked, id=1680, stack(0x00000000027d0000,0x00000000028d0000)]

Other Threads:
  0x0000000017b27800 VMThread [stack: 0x0000000019800000,0x0000000019900000] [id=9184]
  0x00000000199c7800 WatcherThread [stack: 0x000000001a720000,0x000000001a820000] [id=12320]

VM state:not at safepoint (normal execution)

VM Mutex/Monitor currently owned by a thread: None

heap address: 0x0000000080000000, size: 2048 MB, Compressed Oops mode: 32-bit
Narrow klass base: 0x0000000000000000, Narrow klass shift: 3
Compressed class space size: 1073741824 Address: 0x0000000100000000

Heap:
 PSYoungGen      total 210432K, used 102614K [0x00000000d5580000, 0x00000000e6200000, 0x0000000100000000)
  eden space 178176K, 52% used [0x00000000d5580000,0x00000000db13f088,0x00000000e0380000)
  from space 32256K, 26% used [0x00000000e0380000,0x00000000e0bf6a18,0x00000000e2300000)
  to   space 47104K, 0% used [0x00000000e3400000,0x00000000e3400000,0x00000000e6200000)
 ParOldGen       total 105984K, used 105570K [0x0000000080000000, 0x0000000086780000, 0x00000000d5580000)
  object space 105984K, 99% used [0x0000000080000000,0x00000000867189d0,0x0000000086780000)
 Metaspace       used 92593K, capacity 96930K, committed 97200K, reserved 1134592K
  class space    used 11881K, capacity 12655K, committed 12720K, reserved 1048576K

Card table byte_map: [0x0000000011e80000,0x0000000012290000] byte_map_base: 0x0000000011a80000

Marking Bits: (ParMarkBitMap*) 0x000000005cb4f030
 Begin Bits: [0x0000000012d40000, 0x0000000014d40000)
 End Bits:   [0x0000000014d40000, 0x0000000016d40000)

Polling page: 0x0000000000fb0000

CodeCache: size=245760Kb used=58331Kb max_used=58601Kb free=187428Kb
 bounds [0x0000000002ac0000, 0x0000000006460000, 0x0000000011ac0000]
 total_blobs=18000 nmethods=17129 adapters=782
 compilation: enabled

Compilation events (10 events):
Event: 560.220 Thread 0x0000000019940800 21510       1       com.android.tools.r8.code.R3::m (4 bytes)
Event: 560.220 Thread 0x0000000019940800 nmethod 21510 0x0000000004b38ad0 code [0x0000000004b38c20, 0x0000000004b38d30]
Event: 560.221 Thread 0x0000000019940800 21512       1       com.android.tools.r8.code.t3::m (4 bytes)
Event: 560.221 Thread 0x0000000019940800 nmethod 21512 0x0000000006000ad0 code [0x0000000006000c20, 0x0000000006000d30]
Event: 560.226 Thread 0x0000000019940800 21513       1       com.android.tools.r8.code.s2::m (4 bytes)
Event: 560.226 Thread 0x0000000019940800 nmethod 21513 0x0000000006000810 code [0x0000000006000960, 0x0000000006000a70]
Event: 560.228 Thread 0x0000000019940800 21514       2       com.android.tools.r8.code.o2::a (17 bytes)
Event: 560.229 Thread 0x0000000019940800 nmethod 21514 0x0000000006000450 code [0x00000000060005c0, 0x0000000006000768]
Event: 560.235 Thread 0x0000000019940800 21515       2       com.android.tools.r8.code.f0::a (20 bytes)
Event: 560.236 Thread 0x0000000019940800 nmethod 21515 0x0000000006000010 code [0x0000000006000180, 0x0000000006000358]

GC Heap History (10 events):
Event: 557.200 GC heap before
{Heap before GC invocations=69 (full 25):
 PSYoungGen      total 207872K, used 190590K [0x00000000d5580000, 0x00000000e4380000, 0x0000000100000000)
  eden space 172544K, 100% used [0x00000000d5580000,0x00000000dfe00000,0x00000000dfe00000)
  from space 35328K, 51% used [0x00000000dfe00000,0x00000000e0f9f808,0x00000000e2080000)
  to   space 33792K, 0% used [0x00000000e2280000,0x00000000e2280000,0x00000000e4380000)
 ParOldGen       total 101888K, used 76635K [0x0000000080000000, 0x0000000086380000, 0x00000000d5580000)
  object space 101888K, 75% used [0x0000000080000000,0x0000000084ad6e98,0x0000000086380000)
 Metaspace       used 92425K, capacity 96776K, committed 96944K, reserved 1134592K
  class space    used 11887K, capacity 12668K, committed 12720K, reserved 1048576K
Event: 557.212 GC heap after
Heap after GC invocations=69 (full 25):
 PSYoungGen      total 206848K, used 14476K [0x00000000d5580000, 0x00000000e4100000, 0x0000000100000000)
  eden space 175616K, 0% used [0x00000000d5580000,0x00000000d5580000,0x00000000e0100000)
  from space 31232K, 46% used [0x00000000e2280000,0x00000000e30a3120,0x00000000e4100000)
  to   space 32768K, 0% used [0x00000000e0100000,0x00000000e0100000,0x00000000e2100000)
 ParOldGen       total 101888K, used 77107K [0x0000000080000000, 0x0000000086380000, 0x00000000d5580000)
  object space 101888K, 75% used [0x0000000080000000,0x0000000084b4cc70,0x0000000086380000)
 Metaspace       used 92425K, capacity 96776K, committed 96944K, reserved 1134592K
  class space    used 11887K, capacity 12668K, committed 12720K, reserved 1048576K
}
Event: 557.564 GC heap before
{Heap before GC invocations=70 (full 25):
 PSYoungGen      total 206848K, used 190092K [0x00000000d5580000, 0x00000000e4100000, 0x0000000100000000)
  eden space 175616K, 100% used [0x00000000d5580000,0x00000000e0100000,0x00000000e0100000)
  from space 31232K, 46% used [0x00000000e2280000,0x00000000e30a3120,0x00000000e4100000)
  to   space 32768K, 0% used [0x00000000e0100000,0x00000000e0100000,0x00000000e2100000)
 ParOldGen       total 101888K, used 77107K [0x0000000080000000, 0x0000000086380000, 0x00000000d5580000)
  object space 101888K, 75% used [0x0000000080000000,0x0000000084b4cc70,0x0000000086380000)
 Metaspace       used 92428K, capacity 96776K, committed 96944K, reserved 1134592K
  class space    used 11887K, capacity 12668K, committed 12720K, reserved 1048576K
Event: 557.576 GC heap after
Heap after GC invocations=70 (full 25):
 PSYoungGen      total 208384K, used 15788K [0x00000000d5580000, 0x00000000e4200000, 0x0000000100000000)
  eden space 175616K, 0% used [0x00000000d5580000,0x00000000d5580000,0x00000000e0100000)
  from space 32768K, 48% used [0x00000000e0100000,0x00000000e106b3e8,0x00000000e2100000)
  to   space 31744K, 0% used [0x00000000e2300000,0x00000000e2300000,0x00000000e4200000)
 ParOldGen       total 101888K, used 77435K [0x0000000080000000, 0x0000000086380000, 0x00000000d5580000)
  object space 101888K, 76% used [0x0000000080000000,0x0000000084b9ec70,0x0000000086380000)
 Metaspace       used 92428K, capacity 96776K, committed 96944K, reserved 1134592K
  class space    used 11887K, capacity 12668K, committed 12720K, reserved 1048576K
}
Event: 558.298 GC heap before
{Heap before GC invocations=71 (full 25):
 PSYoungGen      total 208384K, used 191077K [0x00000000d5580000, 0x00000000e4200000, 0x0000000100000000)
  eden space 175616K, 99% used [0x00000000d5580000,0x00000000e00ae240,0x00000000e0100000)
  from space 32768K, 48% used [0x00000000e0100000,0x00000000e106b3e8,0x00000000e2100000)
  to   space 31744K, 0% used [0x00000000e2300000,0x00000000e2300000,0x00000000e4200000)
 ParOldGen       total 101888K, used 77435K [0x0000000080000000, 0x0000000086380000, 0x00000000d5580000)
  object space 101888K, 76% used [0x0000000080000000,0x0000000084b9ec70,0x0000000086380000)
 Metaspace       used 92446K, capacity 96782K, committed 96944K, reserved 1134592K
  class space    used 11887K, capacity 12669K, committed 12720K, reserved 1048576K
Event: 558.304 GC heap after
Heap after GC invocations=71 (full 25):
 PSYoungGen      total 209920K, used 4182K [0x00000000d5580000, 0x00000000e4280000, 0x0000000100000000)
  eden space 178176K, 0% used [0x00000000d5580000,0x00000000d5580000,0x00000000e0380000)
  from space 31744K, 13% used [0x00000000e2300000,0x00000000e2715b28,0x00000000e4200000)
  to   space 32256K, 0% used [0x00000000e0380000,0x00000000e0380000,0x00000000e2300000)
 ParOldGen       total 101888K, used 77699K [0x0000000080000000, 0x0000000086380000, 0x00000000d5580000)
  object space 101888K, 76% used [0x0000000080000000,0x0000000084be0c70,0x0000000086380000)
 Metaspace       used 92446K, capacity 96782K, committed 96944K, reserved 1134592K
  class space    used 11887K, capacity 12669K, committed 12720K, reserved 1048576K
}
Event: 559.286 GC heap before
{Heap before GC invocations=72 (full 25):
 PSYoungGen      total 209920K, used 182358K [0x00000000d5580000, 0x00000000e4280000, 0x0000000100000000)
  eden space 178176K, 100% used [0x00000000d5580000,0x00000000e0380000,0x00000000e0380000)
  from space 31744K, 13% used [0x00000000e2300000,0x00000000e2715b28,0x00000000e4200000)
  to   space 32256K, 0% used [0x00000000e0380000,0x00000000e0380000,0x00000000e2300000)
 ParOldGen       total 101888K, used 77699K [0x0000000080000000, 0x0000000086380000, 0x00000000d5580000)
  object space 101888K, 76% used [0x0000000080000000,0x0000000084be0c70,0x0000000086380000)
 Metaspace       used 92614K, capacity 96994K, committed 97200K, reserved 1134592K
  class space    used 11888K, capacity 12669K, committed 12720K, reserved 1048576K
Event: 559.330 GC heap after
Heap after GC invocations=72 (full 25):
 PSYoungGen      total 210432K, used 32230K [0x00000000d5580000, 0x00000000e6200000, 0x0000000100000000)
  eden space 178176K, 0% used [0x00000000d5580000,0x00000000d5580000,0x00000000e0380000)
  from space 32256K, 99% used [0x00000000e0380000,0x00000000e22f9878,0x00000000e2300000)
  to   space 47104K, 0% used [0x00000000e3400000,0x00000000e3400000,0x00000000e6200000)
 ParOldGen       total 105984K, used 105172K [0x0000000080000000, 0x0000000086780000, 0x00000000d5580000)
  object space 105984K, 99% used [0x0000000080000000,0x00000000866b5240,0x0000000086780000)
 Metaspace       used 92614K, capacity 96994K, committed 97200K, reserved 1134592K
  class space    used 11888K, capacity 12669K, committed 12720K, reserved 1048576K
}
Event: 559.330 GC heap before
{Heap before GC invocations=73 (full 26):
 PSYoungGen      total 210432K, used 32230K [0x00000000d5580000, 0x00000000e6200000, 0x0000000100000000)
  eden space 178176K, 0% used [0x00000000d5580000,0x00000000d5580000,0x00000000e0380000)
  from space 32256K, 99% used [0x00000000e0380000,0x00000000e22f9878,0x00000000e2300000)
  to   space 47104K, 0% used [0x00000000e3400000,0x00000000e3400000,0x00000000e6200000)
 ParOldGen       total 105984K, used 105172K [0x0000000080000000, 0x0000000086780000, 0x00000000d5580000)
  object space 105984K, 99% used [0x0000000080000000,0x00000000866b5240,0x0000000086780000)
 Metaspace       used 92614K, capacity 96994K, committed 97200K, reserved 1134592K
  class space    used 11888K, capacity 12669K, committed 12720K, reserved 1048576K
Event: 559.975 GC heap after
Heap after GC invocations=73 (full 26):
 PSYoungGen      total 210432K, used 8666K [0x00000000d5580000, 0x00000000e6200000, 0x0000000100000000)
  eden space 178176K, 0% used [0x00000000d5580000,0x00000000d5580000,0x00000000e0380000)
  from space 32256K, 26% used [0x00000000e0380000,0x00000000e0bf6a18,0x00000000e2300000)
  to   space 47104K, 0% used [0x00000000e3400000,0x00000000e3400000,0x00000000e6200000)
 ParOldGen       total 105984K, used 105570K [0x0000000080000000, 0x0000000086780000, 0x00000000d5580000)
  object space 105984K, 99% used [0x0000000080000000,0x00000000867189d0,0x0000000086780000)
 Metaspace       used 92585K, capacity 96930K, committed 97200K, reserved 1134592K
  class space    used 11881K, capacity 12655K, committed 12720K, reserved 1048576K
}

Deoptimization events (10 events):
Event: 555.833 Thread 0x000000002164e800 Uncommon trap: reason=class_check action=maybe_recompile pc=0x0000000003eee138 method=java.util.zip.ZipOutputStream.writeShort(I)V @ 13
Event: 555.834 Thread 0x000000002164e800 Uncommon trap: reason=class_check action=maybe_recompile pc=0x0000000003eeba70 method=java.util.zip.ZipOutputStream.writeInt(J)V @ 14
Event: 555.834 Thread 0x000000002164e800 Uncommon trap: reason=class_check action=maybe_recompile pc=0x0000000003eeba70 method=java.util.zip.ZipOutputStream.writeInt(J)V @ 14
Event: 555.834 Thread 0x000000002164e800 Uncommon trap: reason=class_check action=maybe_recompile pc=0x0000000003eeba70 method=java.util.zip.ZipOutputStream.writeInt(J)V @ 14
Event: 555.834 Thread 0x000000002164e800 Uncommon trap: reason=class_check action=maybe_recompile pc=0x0000000003eee138 method=java.util.zip.ZipOutputStream.writeShort(I)V @ 13
Event: 555.929 Thread 0x00000000267cd800 Uncommon trap: reason=class_check action=maybe_recompile pc=0x0000000004b317b8 method=com.android.tools.r8.utils.g0.K()Z @ 6
Event: 556.510 Thread 0x0000000021659000 Uncommon trap: reason=unstable_if action=reinterpret pc=0x00000000033d7d30 method=java.util.Arrays.hashCode([Ljava/lang/Object;)I @ 1
Event: 556.783 Thread 0x00000000267c2800 Uncommon trap: reason=predicate action=maybe_recompile pc=0x0000000004e8d23c method=com.google.common.collect.ImmutableList.copyIntoArray([Ljava/lang/Object;I)I @ 14
Event: 557.436 Thread 0x00000000267c7800 Uncommon trap: reason=unstable_if action=reinterpret pc=0x0000000005a28364 method=com.android.tools.r8.ir.optimize.l.a(Lcom/android/tools/r8/u/b/h0;)Z @ 29
Event: 557.530 Thread 0x0000000021655000 Uncommon trap: reason=class_check action=maybe_recompile pc=0x0000000004e25700 method=com.google.common.collect.ImmutableMap.copyOf(Ljava/lang/Iterable;)Lcom/google/common/collect/ImmutableMap; @ 53

Classes redefined (0 events):
No events

Internal exceptions (10 events):
Event: 555.954 Thread 0x00000000267cd800 Exception <a 'sun/nio/fs/WindowsException'> (0x00000000da543308) thrown at [C:\src\AOSP-openjdk-git\hotspot\src\share\vm\prims\jni.cpp, line 710]
Event: 555.956 Thread 0x00000000267cd800 Exception <a 'sun/nio/fs/WindowsException'> (0x00000000da6292e0) thrown at [C:\src\AOSP-openjdk-git\hotspot\src\share\vm\prims\jni.cpp, line 710]
Event: 555.957 Thread 0x00000000267cd800 Exception <a 'sun/nio/fs/WindowsException'> (0x00000000da7d1b80) thrown at [C:\src\AOSP-openjdk-git\hotspot\src\share\vm\prims\jni.cpp, line 710]
Event: 556.354 Thread 0x00000000267cf800 Exception <a 'sun/nio/fs/WindowsException'> (0x00000000da30cf90) thrown at [C:\src\AOSP-openjdk-git\hotspot\src\share\vm\prims\jni.cpp, line 710]
Event: 556.510 Thread 0x0000000021659000 Implicit null exception at 0x00000000033d7c2f to 0x00000000033d7d21
Event: 556.782 Thread 0x000000001eddf000 Exception <a 'sun/nio/fs/WindowsException'> (0x00000000dd769e70) thrown at [C:\src\AOSP-openjdk-git\hotspot\src\share\vm\prims\jni.cpp, line 710]
Event: 557.181 Thread 0x00000000267c3800 Exception <a 'sun/nio/fs/WindowsException'> (0x00000000df281fb0) thrown at [C:\src\AOSP-openjdk-git\hotspot\src\share\vm\prims\jni.cpp, line 710]
Event: 557.731 Thread 0x00000000267c8000 Exception <a 'sun/nio/fs/WindowsException'> (0x00000000d8c3fe10) thrown at [C:\src\AOSP-openjdk-git\hotspot\src\share\vm\prims\jni.cpp, line 710]
Event: 558.230 Thread 0x00000000267c7800 Exception <a 'sun/nio/fs/WindowsException'> (0x00000000dfd1bf30) thrown at [C:\src\AOSP-openjdk-git\hotspot\src\share\vm\prims\jni.cpp, line 710]
Event: 558.360 Thread 0x000000002164e800 Exception <a 'sun/nio/fs/WindowsException'> (0x00000000d5b13d48) thrown at [C:\src\AOSP-openjdk-git\hotspot\src\share\vm\prims\jni.cpp, line 710]

Events (10 events):
Event: 558.774 Executing VM operation: BulkRevokeBias
Event: 558.775 Executing VM operation: BulkRevokeBias done
Event: 558.778 Executing VM operation: RevokeBias
Event: 558.779 Executing VM operation: RevokeBias done
Event: 558.785 Executing VM operation: RevokeBias
Event: 558.785 Executing VM operation: RevokeBias done
Event: 559.286 Executing VM operation: ParallelGCFailedAllocation
Event: 559.975 Executing VM operation: ParallelGCFailedAllocation done
Event: 560.085 Thread 0x0000000021656000 DEOPT PACKING pc=0x0000000004ab83be sp=0x0000000029cee500
Event: 560.085 Thread 0x0000000021656000 DEOPT UNPACKING pc=0x0000000002b075d0 sp=0x0000000029cee270 mode 0


Dynamic libraries:
0x00007ff74eca0000 - 0x00007ff74ecd1000 	C:\Program Files\Android\Android Studio\jre\bin\java.exe
0x00007ff89ac20000 - 0x00007ff89ae10000 	C:\WINDOWS\SYSTEM32\ntdll.dll
0x00007ff8992e0000 - 0x00007ff899392000 	C:\WINDOWS\System32\KERNEL32.DLL
0x00007ff897d00000 - 0x00007ff897fa5000 	C:\WINDOWS\System32\KERNELBASE.dll
0x00007ff899cd0000 - 0x00007ff899d73000 	C:\WINDOWS\System32\ADVAPI32.dll
0x00007ff899d90000 - 0x00007ff899e2e000 	C:\WINDOWS\System32\msvcrt.dll
0x00007ff899790000 - 0x00007ff899827000 	C:\WINDOWS\System32\sechost.dll
0x00007ff89a050000 - 0x00007ff89a170000 	C:\WINDOWS\System32\RPCRT4.dll
0x00007ff8993a0000 - 0x00007ff899534000 	C:\WINDOWS\System32\USER32.dll
0x00007ff898c70000 - 0x00007ff898c91000 	C:\WINDOWS\System32\win32u.dll
0x00007ff899830000 - 0x00007ff899856000 	C:\WINDOWS\System32\GDI32.dll
0x00007ff898950000 - 0x00007ff898ae6000 	C:\WINDOWS\System32\gdi32full.dll
0x00007ff898750000 - 0x00007ff8987ee000 	C:\WINDOWS\System32\msvcp_win.dll
0x00007ff898850000 - 0x00007ff89894a000 	C:\WINDOWS\System32\ucrtbase.dll
0x00007ff8860b0000 - 0x00007ff886334000 	C:\WINDOWS\WinSxS\amd64_microsoft.windows.common-controls_6595b64144ccf1df_6.0.18362.1139_none_9e7bf2d3e4605ac6\COMCTL32.dll
0x00007ff899910000 - 0x00007ff899c45000 	C:\WINDOWS\System32\combase.dll
0x00007ff898bf0000 - 0x00007ff898c70000 	C:\WINDOWS\System32\bcryptPrimitives.dll
0x00007ff899540000 - 0x00007ff89956e000 	C:\WINDOWS\System32\IMM32.DLL
0x000000005c1c0000 - 0x000000005c292000 	C:\Program Files\Android\Android Studio\jre\jre\bin\msvcr100.dll
0x000000005c380000 - 0x000000005cbcb000 	C:\Program Files\Android\Android Studio\jre\jre\bin\server\jvm.dll
0x00007ff899140000 - 0x00007ff899148000 	C:\WINDOWS\System32\PSAPI.DLL
0x00007ff880a70000 - 0x00007ff880a79000 	C:\WINDOWS\SYSTEM32\WSOCK32.dll
0x00007ff8944c0000 - 0x00007ff8944e4000 	C:\WINDOWS\SYSTEM32\WINMM.dll
0x00007ff891a50000 - 0x00007ff891a5a000 	C:\WINDOWS\SYSTEM32\VERSION.dll
0x00007ff899fe0000 - 0x00007ff89a04f000 	C:\WINDOWS\System32\WS2_32.dll
0x00007ff894490000 - 0x00007ff8944bd000 	C:\WINDOWS\SYSTEM32\winmmbase.dll
0x00007ff898af0000 - 0x00007ff898b3a000 	C:\WINDOWS\System32\cfgmgr32.dll
0x00007ff87ebb0000 - 0x00007ff87ebbf000 	C:\Program Files\Android\Android Studio\jre\jre\bin\verify.dll
0x00007ff871cc0000 - 0x00007ff871ce9000 	C:\Program Files\Android\Android Studio\jre\jre\bin\java.dll
0x00007ff871c70000 - 0x00007ff871c86000 	C:\Program Files\Android\Android Studio\jre\jre\bin\zip.dll
0x00007ff89a240000 - 0x00007ff89a927000 	C:\WINDOWS\System32\SHELL32.dll
0x00007ff899860000 - 0x00007ff899909000 	C:\WINDOWS\System32\shcore.dll
0x00007ff897fd0000 - 0x00007ff898750000 	C:\WINDOWS\System32\windows.storage.dll
0x00007ff897b80000 - 0x00007ff897ba3000 	C:\WINDOWS\System32\profapi.dll
0x00007ff897b30000 - 0x00007ff897b7a000 	C:\WINDOWS\System32\powrprof.dll
0x00007ff897ae0000 - 0x00007ff897af0000 	C:\WINDOWS\System32\UMPDC.dll
0x00007ff8991b0000 - 0x00007ff899202000 	C:\WINDOWS\System32\shlwapi.dll
0x00007ff897af0000 - 0x00007ff897b01000 	C:\WINDOWS\System32\kernel.appcore.dll
0x00007ff897fb0000 - 0x00007ff897fc7000 	C:\WINDOWS\System32\cryptsp.dll
0x00007ff869600000 - 0x00007ff86961a000 	C:\Program Files\Android\Android Studio\jre\jre\bin\net.dll
0x00007ff897330000 - 0x00007ff897397000 	C:\WINDOWS\system32\mswsock.dll
0x00007ff8695e0000 - 0x00007ff8695f3000 	C:\Program Files\Android\Android Studio\jre\jre\bin\nio.dll
0x00007ff87e740000 - 0x00007ff87e766000 	C:\Users\ACER\.gradle\native\31\windows-amd64\native-platform.dll
0x00007ff884670000 - 0x00007ff88467d000 	C:\Program Files\Android\Android Studio\jre\jre\bin\management.dll
0x00007ff896ea0000 - 0x00007ff896ed3000 	C:\WINDOWS\system32\rsaenh.dll
0x00007ff898ca0000 - 0x00007ff898cc6000 	C:\WINDOWS\System32\bcrypt.dll
0x00007ff8979c0000 - 0x00007ff8979e5000 	C:\WINDOWS\SYSTEM32\USERENV.dll
0x00007ff897500000 - 0x00007ff89750c000 	C:\WINDOWS\SYSTEM32\CRYPTBASE.dll
0x00007ff897040000 - 0x00007ff89707a000 	C:\WINDOWS\SYSTEM32\IPHLPAPI.DLL
0x00007ff899570000 - 0x00007ff899578000 	C:\WINDOWS\System32\NSI.dll
0x00007ff88da50000 - 0x00007ff88da66000 	C:\WINDOWS\SYSTEM32\dhcpcsvc6.DLL
0x00007ff88da30000 - 0x00007ff88da4c000 	C:\WINDOWS\SYSTEM32\dhcpcsvc.DLL
0x00007ff897090000 - 0x00007ff89715b000 	C:\WINDOWS\SYSTEM32\DNSAPI.dll

VM Arguments:
jvm_args: -Xmx2048m -Dfile.encoding=windows-1252 -Duser.country=PE -Duser.language=es -Duser.variant 
java_command: org.gradle.launcher.daemon.bootstrap.GradleDaemon 6.1.1
java_class_path (initial): C:\Users\ACER\.gradle\wrapper\dists\gradle-6.1.1-all\cfmwm155h49vnt3hynmlrsdst\gradle-6.1.1\lib\gradle-launcher-6.1.1.jar
Launcher Type: SUN_STANDARD

Environment Variables:
JAVA_HOME=C:\Program Files\Java\jdk1.8.0_181
PATH=C:\Program Files (x86)\Common Files\Oracle\Java\javapath;C:\ProgramData\Oracle\Java\javapath;C:\Program Files (x86)\Intel\Intel(R) Management Engine Components\iCLS\;C:\Program Files\Intel\Intel(R) Management Engine Components\iCLS\;C:\WINDOWS\system32;C:\WINDOWS;C:\WINDOWS\System32\Wbem;C:\WINDOWS\System32\WindowsPowerShell\v1.0\;C:\WINDOWS\System32\OpenSSH\;C:\Program Files (x86)\Intel\Intel(R) Management Engine Components\DAL;C:\Program Files\Intel\Intel(R) Management Engine Components\DAL;C:\Program Files (x86)\Intel\Intel(R) Management Engine Components\IPT;C:\Program Files\Intel\Intel(R) Management Engine Components\IPT;C:\xampp\php;C:\Program Files\dotnet\;C:\Program Files\Microsoft SQL Server\130\Tools\Binn\;C:\Program Files\Git\cmd;C:\ProgramData\ComposerSetup\bin;C:\Users\ACER\AppData\Local\Microsoft\WindowsApps;C:\Users\ACER\AppData\Local\Programs\Microsoft VS Code\bin;C:\Users\ACER\AppData\Roaming\Composer\vendor\bin;C:\Users\ACER\AppData\Local\GitHubDesktop\bin
USERNAME=ACER
OS=Windows_NT
PROCESSOR_IDENTIFIER=Intel64 Family 6 Model 142 Stepping 10, GenuineIntel



---------------  S Y S T E M  ---------------

OS: Windows 10.0 , 64 bit Build 18362 (10.0.18362.1110)

CPU:total 8 (initial active 8) (4 cores per cpu, 2 threads per core) family 6 model 142 stepping 10, cmov, cx8, fxsr, mmx, sse, sse2, sse3, ssse3, sse4.1, sse4.2, popcnt, avx, avx2, aes, clmul, erms, 3dnowpref, lzcnt, ht, tsc, tscinvbit, bmi1, bmi2, adx

Memory: 4k page, physical 8261220k(738560k free), swap 8261220k(5356k free)

vm_info: OpenJDK 64-Bit Server VM (25.242-b01) for windows-amd64 JRE (1.8.0_242-release-1644-b01), built by "builder" with MS VC++ 10.0 (VS2010)

time: Sun Nov 01 08:59:33 2020
timezone: Hora est. Pacífico, Sudamérica
elapsed time: 560 seconds (0d 0h 9m 20s)

